[2017-04-12 10:33:24] local.ERROR: InvalidArgumentException: A CreatePartnershipsTable migration already exists. in /Users/churchonline/GitHub/website/church/vendor/laravel/framework/src/Illuminate/Database/Migrations/MigrationCreator.php:80
Stack trace:
#0 /Users/churchonline/GitHub/website/church/vendor/laravel/framework/src/Illuminate/Database/Migrations/MigrationCreator.php(49): Illuminate\Database\Migrations\MigrationCreator->ensureMigrationDoesntAlreadyExist('create_partners...')
#1 /Users/churchonline/GitHub/website/church/vendor/laravel/framework/src/Illuminate/Database/Console/Migrations/MigrateMakeCommand.php(100): Illuminate\Database\Migrations\MigrationCreator->create('create_partners...', '/Users/churchon...', 'testimonies', true)
#2 /Users/churchonline/GitHub/website/church/vendor/laravel/framework/src/Illuminate/Database/Console/Migrations/MigrateMakeCommand.php(84): Illuminate\Database\Console\Migrations\MigrateMakeCommand->writeMigration('create_partners...', 'testimonies', true)
#3 [internal function]: Illuminate\Database\Console\Migrations\MigrateMakeCommand->fire()
#4 /Users/churchonline/GitHub/website/church/vendor/laravel/framework/src/Illuminate/Container/BoundMethod.php(29): call_user_func_array(Array, Array)
#5 /Users/churchonline/GitHub/website/church/vendor/laravel/framework/src/Illuminate/Container/BoundMethod.php(87): Illuminate\Container\BoundMethod::Illuminate\Container\{closure}()
#6 /Users/churchonline/GitHub/website/church/vendor/laravel/framework/src/Illuminate/Container/BoundMethod.php(31): Illuminate\Container\BoundMethod::callBoundMethod(Object(Illuminate\Foundation\Application), Array, Object(Closure))
#7 /Users/churchonline/GitHub/website/church/vendor/laravel/framework/src/Illuminate/Container/Container.php(531): Illuminate\Container\BoundMethod::call(Object(Illuminate\Foundation\Application), Array, Array, NULL)
#8 /Users/churchonline/GitHub/website/church/vendor/laravel/framework/src/Illuminate/Console/Command.php(182): Illuminate\Container\Container->call(Array)
#9 /Users/churchonline/GitHub/website/church/vendor/symfony/console/Command/Command.php(262): Illuminate\Console\Command->execute(Object(Symfony\Component\Console\Input\ArgvInput), Object(Illuminate\Console\OutputStyle))
#10 /Users/churchonline/GitHub/website/church/vendor/laravel/framework/src/Illuminate/Console/Command.php(167): Symfony\Component\Console\Command\Command->run(Object(Symfony\Component\Console\Input\ArgvInput), Object(Illuminate\Console\OutputStyle))
#11 /Users/churchonline/GitHub/website/church/vendor/symfony/console/Application.php(826): Illuminate\Console\Command->run(Object(Symfony\Component\Console\Input\ArgvInput), Object(Symfony\Component\Console\Output\ConsoleOutput))
#12 /Users/churchonline/GitHub/website/church/vendor/symfony/console/Application.php(190): Symfony\Component\Console\Application->doRunCommand(Object(Illuminate\Database\Console\Migrations\MigrateMakeCommand), Object(Symfony\Component\Console\Input\ArgvInput), Object(Symfony\Component\Console\Output\ConsoleOutput))
#13 /Users/churchonline/GitHub/website/church/vendor/symfony/console/Application.php(121): Symfony\Component\Console\Application->doRun(Object(Symfony\Component\Console\Input\ArgvInput), Object(Symfony\Component\Console\Output\ConsoleOutput))
#14 /Users/churchonline/GitHub/website/church/vendor/laravel/framework/src/Illuminate/Foundation/Console/Kernel.php(123): Symfony\Component\Console\Application->run(Object(Symfony\Component\Console\Input\ArgvInput), Object(Symfony\Component\Console\Output\ConsoleOutput))
#15 /Users/churchonline/GitHub/website/church/artisan(35): Illuminate\Foundation\Console\Kernel->handle(Object(Symfony\Component\Console\Input\ArgvInput), Object(Symfony\Component\Console\Output\ConsoleOutput))
#16 {main}  
[2017-04-12 11:52:03] local.ERROR: PDOException: SQLSTATE[42000]: Syntax error or access violation: 1071 Specified key was too long; max key length is 767 bytes in /Users/churchonline/GitHub/website/church/vendor/laravel/framework/src/Illuminate/Database/Connection.php:449
Stack trace:
#0 /Users/churchonline/GitHub/website/church/vendor/laravel/framework/src/Illuminate/Database/Connection.php(449): PDOStatement->execute()
#1 /Users/churchonline/GitHub/website/church/vendor/laravel/framework/src/Illuminate/Database/Connection.php(640): Illuminate\Database\Connection->Illuminate\Database\{closure}('alter table `us...', Array)
#2 /Users/churchonline/GitHub/website/church/vendor/laravel/framework/src/Illuminate/Database/Connection.php(607): Illuminate\Database\Connection->runQueryCallback('alter table `us...', Array, Object(Closure))
#3 /Users/churchonline/GitHub/website/church/vendor/laravel/framework/src/Illuminate/Database/Connection.php(450): Illuminate\Database\Connection->run('alter table `us...', Array, Object(Closure))
#4 /Users/churchonline/GitHub/website/church/vendor/laravel/framework/src/Illuminate/Database/Schema/Blueprint.php(83): Illuminate\Database\Connection->statement('alter table `us...')
#5 /Users/churchonline/GitHub/website/church/vendor/laravel/framework/src/Illuminate/Database/Schema/Builder.php(239): Illuminate\Database\Schema\Blueprint->build(Object(Illuminate\Database\MySqlConnection), Object(Illuminate\Database\Schema\Grammars\MySqlGrammar))
#6 /Users/churchonline/GitHub/website/church/vendor/laravel/framework/src/Illuminate/Database/Schema/Builder.php(164): Illuminate\Database\Schema\Builder->build(Object(Illuminate\Database\Schema\Blueprint))
#7 /Users/churchonline/GitHub/website/church/vendor/laravel/framework/src/Illuminate/Support/Facades/Facade.php(221): Illuminate\Database\Schema\Builder->create('users', Object(Closure))
#8 /Users/churchonline/GitHub/website/church/database/migrations/2014_10_12_000000_create_users_table.php(23): Illuminate\Support\Facades\Facade::__callStatic('create', Array)
#9 /Users/churchonline/GitHub/website/church/vendor/laravel/framework/src/Illuminate/Database/Migrations/Migrator.php(353): CreateUsersTable->up()
#10 /Users/churchonline/GitHub/website/church/vendor/laravel/framework/src/Illuminate/Database/Migrations/Migrator.php(359): Illuminate\Database\Migrations\Migrator->Illuminate\Database\Migrations\{closure}()
#11 /Users/churchonline/GitHub/website/church/vendor/laravel/framework/src/Illuminate/Database/Migrations/Migrator.php(177): Illuminate\Database\Migrations\Migrator->runMigration(Object(CreateUsersTable), 'up')
#12 /Users/churchonline/GitHub/website/church/vendor/laravel/framework/src/Illuminate/Database/Migrations/Migrator.php(146): Illuminate\Database\Migrations\Migrator->runUp('/Users/churchon...', 1, false)
#13 /Users/churchonline/GitHub/website/church/vendor/laravel/framework/src/Illuminate/Database/Migrations/Migrator.php(95): Illuminate\Database\Migrations\Migrator->runPending(Array, Array)
#14 /Users/churchonline/GitHub/website/church/vendor/laravel/framework/src/Illuminate/Database/Console/Migrations/MigrateCommand.php(69): Illuminate\Database\Migrations\Migrator->run(Array, Array)
#15 [internal function]: Illuminate\Database\Console\Migrations\MigrateCommand->fire()
#16 /Users/churchonline/GitHub/website/church/vendor/laravel/framework/src/Illuminate/Container/BoundMethod.php(29): call_user_func_array(Array, Array)
#17 /Users/churchonline/GitHub/website/church/vendor/laravel/framework/src/Illuminate/Container/BoundMethod.php(87): Illuminate\Container\BoundMethod::Illuminate\Container\{closure}()
#18 /Users/churchonline/GitHub/website/church/vendor/laravel/framework/src/Illuminate/Container/BoundMethod.php(31): Illuminate\Container\BoundMethod::callBoundMethod(Object(Illuminate\Foundation\Application), Array, Object(Closure))
#19 /Users/churchonline/GitHub/website/church/vendor/laravel/framework/src/Illuminate/Container/Container.php(531): Illuminate\Container\BoundMethod::call(Object(Illuminate\Foundation\Application), Array, Array, NULL)
#20 /Users/churchonline/GitHub/website/church/vendor/laravel/framework/src/Illuminate/Console/Command.php(182): Illuminate\Container\Container->call(Array)
#21 /Users/churchonline/GitHub/website/church/vendor/symfony/console/Command/Command.php(262): Illuminate\Console\Command->execute(Object(Symfony\Component\Console\Input\ArgvInput), Object(Illuminate\Console\OutputStyle))
#22 /Users/churchonline/GitHub/website/church/vendor/laravel/framework/src/Illuminate/Console/Command.php(167): Symfony\Component\Console\Command\Command->run(Object(Symfony\Component\Console\Input\ArgvInput), Object(Illuminate\Console\OutputStyle))
#23 /Users/churchonline/GitHub/website/church/vendor/symfony/console/Application.php(826): Illuminate\Console\Command->run(Object(Symfony\Component\Console\Input\ArgvInput), Object(Symfony\Component\Console\Output\ConsoleOutput))
#24 /Users/churchonline/GitHub/website/church/vendor/symfony/console/Application.php(190): Symfony\Component\Console\Application->doRunCommand(Object(Illuminate\Database\Console\Migrations\MigrateCommand), Object(Symfony\Component\Console\Input\ArgvInput), Object(Symfony\Component\Console\Output\ConsoleOutput))
#25 /Users/churchonline/GitHub/website/church/vendor/symfony/console/Application.php(121): Symfony\Component\Console\Application->doRun(Object(Symfony\Component\Console\Input\ArgvInput), Object(Symfony\Component\Console\Output\ConsoleOutput))
#26 /Users/churchonline/GitHub/website/church/vendor/laravel/framework/src/Illuminate/Foundation/Console/Kernel.php(123): Symfony\Component\Console\Application->run(Object(Symfony\Component\Console\Input\ArgvInput), Object(Symfony\Component\Console\Output\ConsoleOutput))
#27 /Users/churchonline/GitHub/website/church/artisan(35): Illuminate\Foundation\Console\Kernel->handle(Object(Symfony\Component\Console\Input\ArgvInput), Object(Symfony\Component\Console\Output\ConsoleOutput))
#28 {main}

Next Illuminate\Database\QueryException: SQLSTATE[42000]: Syntax error or access violation: 1071 Specified key was too long; max key length is 767 bytes (SQL: alter table `users` add unique `users_email_unique`(`email`)) in /Users/churchonline/GitHub/website/church/vendor/laravel/framework/src/Illuminate/Database/Connection.php:647
Stack trace:
#0 /Users/churchonline/GitHub/website/church/vendor/laravel/framework/src/Illuminate/Database/Connection.php(607): Illuminate\Database\Connection->runQueryCallback('alter table `us...', Array, Object(Closure))
#1 /Users/churchonline/GitHub/website/church/vendor/laravel/framework/src/Illuminate/Database/Connection.php(450): Illuminate\Database\Connection->run('alter table `us...', Array, Object(Closure))
#2 /Users/churchonline/GitHub/website/church/vendor/laravel/framework/src/Illuminate/Database/Schema/Blueprint.php(83): Illuminate\Database\Connection->statement('alter table `us...')
#3 /Users/churchonline/GitHub/website/church/vendor/laravel/framework/src/Illuminate/Database/Schema/Builder.php(239): Illuminate\Database\Schema\Blueprint->build(Object(Illuminate\Database\MySqlConnection), Object(Illuminate\Database\Schema\Grammars\MySqlGrammar))
#4 /Users/churchonline/GitHub/website/church/vendor/laravel/framework/src/Illuminate/Database/Schema/Builder.php(164): Illuminate\Database\Schema\Builder->build(Object(Illuminate\Database\Schema\Blueprint))
#5 /Users/churchonline/GitHub/website/church/vendor/laravel/framework/src/Illuminate/Support/Facades/Facade.php(221): Illuminate\Database\Schema\Builder->create('users', Object(Closure))
#6 /Users/churchonline/GitHub/website/church/database/migrations/2014_10_12_000000_create_users_table.php(23): Illuminate\Support\Facades\Facade::__callStatic('create', Array)
#7 /Users/churchonline/GitHub/website/church/vendor/laravel/framework/src/Illuminate/Database/Migrations/Migrator.php(353): CreateUsersTable->up()
#8 /Users/churchonline/GitHub/website/church/vendor/laravel/framework/src/Illuminate/Database/Migrations/Migrator.php(359): Illuminate\Database\Migrations\Migrator->Illuminate\Database\Migrations\{closure}()
#9 /Users/churchonline/GitHub/website/church/vendor/laravel/framework/src/Illuminate/Database/Migrations/Migrator.php(177): Illuminate\Database\Migrations\Migrator->runMigration(Object(CreateUsersTable), 'up')
#10 /Users/churchonline/GitHub/website/church/vendor/laravel/framework/src/Illuminate/Database/Migrations/Migrator.php(146): Illuminate\Database\Migrations\Migrator->runUp('/Users/churchon...', 1, false)
#11 /Users/churchonline/GitHub/website/church/vendor/laravel/framework/src/Illuminate/Database/Migrations/Migrator.php(95): Illuminate\Database\Migrations\Migrator->runPending(Array, Array)
#12 /Users/churchonline/GitHub/website/church/vendor/laravel/framework/src/Illuminate/Database/Console/Migrations/MigrateCommand.php(69): Illuminate\Database\Migrations\Migrator->run(Array, Array)
#13 [internal function]: Illuminate\Database\Console\Migrations\MigrateCommand->fire()
#14 /Users/churchonline/GitHub/website/church/vendor/laravel/framework/src/Illuminate/Container/BoundMethod.php(29): call_user_func_array(Array, Array)
#15 /Users/churchonline/GitHub/website/church/vendor/laravel/framework/src/Illuminate/Container/BoundMethod.php(87): Illuminate\Container\BoundMethod::Illuminate\Container\{closure}()
#16 /Users/churchonline/GitHub/website/church/vendor/laravel/framework/src/Illuminate/Container/BoundMethod.php(31): Illuminate\Container\BoundMethod::callBoundMethod(Object(Illuminate\Foundation\Application), Array, Object(Closure))
#17 /Users/churchonline/GitHub/website/church/vendor/laravel/framework/src/Illuminate/Container/Container.php(531): Illuminate\Container\BoundMethod::call(Object(Illuminate\Foundation\Application), Array, Array, NULL)
#18 /Users/churchonline/GitHub/website/church/vendor/laravel/framework/src/Illuminate/Console/Command.php(182): Illuminate\Container\Container->call(Array)
#19 /Users/churchonline/GitHub/website/church/vendor/symfony/console/Command/Command.php(262): Illuminate\Console\Command->execute(Object(Symfony\Component\Console\Input\ArgvInput), Object(Illuminate\Console\OutputStyle))
#20 /Users/churchonline/GitHub/website/church/vendor/laravel/framework/src/Illuminate/Console/Command.php(167): Symfony\Component\Console\Command\Command->run(Object(Symfony\Component\Console\Input\ArgvInput), Object(Illuminate\Console\OutputStyle))
#21 /Users/churchonline/GitHub/website/church/vendor/symfony/console/Application.php(826): Illuminate\Console\Command->run(Object(Symfony\Component\Console\Input\ArgvInput), Object(Symfony\Component\Console\Output\ConsoleOutput))
#22 /Users/churchonline/GitHub/website/church/vendor/symfony/console/Application.php(190): Symfony\Component\Console\Application->doRunCommand(Object(Illuminate\Database\Console\Migrations\MigrateCommand), Object(Symfony\Component\Console\Input\ArgvInput), Object(Symfony\Component\Console\Output\ConsoleOutput))
#23 /Users/churchonline/GitHub/website/church/vendor/symfony/console/Application.php(121): Symfony\Component\Console\Application->doRun(Object(Symfony\Component\Console\Input\ArgvInput), Object(Symfony\Component\Console\Output\ConsoleOutput))
#24 /Users/churchonline/GitHub/website/church/vendor/laravel/framework/src/Illuminate/Foundation/Console/Kernel.php(123): Symfony\Component\Console\Application->run(Object(Symfony\Component\Console\Input\ArgvInput), Object(Symfony\Component\Console\Output\ConsoleOutput))
#25 /Users/churchonline/GitHub/website/church/artisan(35): Illuminate\Foundation\Console\Kernel->handle(Object(Symfony\Component\Console\Input\ArgvInput), Object(Symfony\Component\Console\Output\ConsoleOutput))
#26 {main}  
[2017-04-12 12:01:47] local.ERROR: Symfony\Component\Debug\Exception\FatalThrowableError: Class 'App\Providers\Schema' not found in /Users/churchonline/GitHub/website/church/app/Providers/AppServiceProvider.php:18
Stack trace:
#0 [internal function]: App\Providers\AppServiceProvider->boot()
#1 /Users/churchonline/GitHub/website/church/vendor/laravel/framework/src/Illuminate/Container/BoundMethod.php(29): call_user_func_array(Array, Array)
#2 /Users/churchonline/GitHub/website/church/vendor/laravel/framework/src/Illuminate/Container/BoundMethod.php(87): Illuminate\Container\BoundMethod::Illuminate\Container\{closure}()
#3 /Users/churchonline/GitHub/website/church/vendor/laravel/framework/src/Illuminate/Container/BoundMethod.php(31): Illuminate\Container\BoundMethod::callBoundMethod(Object(Illuminate\Foundation\Application), Array, Object(Closure))
#4 /Users/churchonline/GitHub/website/church/vendor/laravel/framework/src/Illuminate/Container/Container.php(531): Illuminate\Container\BoundMethod::call(Object(Illuminate\Foundation\Application), Array, Array, NULL)
#5 /Users/churchonline/GitHub/website/church/vendor/laravel/framework/src/Illuminate/Foundation/Application.php(768): Illuminate\Container\Container->call(Array)
#6 /Users/churchonline/GitHub/website/church/vendor/laravel/framework/src/Illuminate/Foundation/Application.php(751): Illuminate\Foundation\Application->bootProvider(Object(App\Providers\AppServiceProvider))
#7 [internal function]: Illuminate\Foundation\Application->Illuminate\Foundation\{closure}(Object(App\Providers\AppServiceProvider), 14)
#8 /Users/churchonline/GitHub/website/church/vendor/laravel/framework/src/Illuminate/Foundation/Application.php(752): array_walk(Array, Object(Closure))
#9 /Users/churchonline/GitHub/website/church/vendor/laravel/framework/src/Illuminate/Foundation/Bootstrap/BootProviders.php(17): Illuminate\Foundation\Application->boot()
#10 /Users/churchonline/GitHub/website/church/vendor/laravel/framework/src/Illuminate/Foundation/Application.php(208): Illuminate\Foundation\Bootstrap\BootProviders->bootstrap(Object(Illuminate\Foundation\Application))
#11 /Users/churchonline/GitHub/website/church/vendor/laravel/framework/src/Illuminate/Foundation/Console/Kernel.php(270): Illuminate\Foundation\Application->bootstrapWith(Array)
#12 /Users/churchonline/GitHub/website/church/vendor/laravel/framework/src/Illuminate/Foundation/Console/Kernel.php(115): Illuminate\Foundation\Console\Kernel->bootstrap()
#13 /Users/churchonline/GitHub/website/church/artisan(35): Illuminate\Foundation\Console\Kernel->handle(Object(Symfony\Component\Console\Input\ArgvInput), Object(Symfony\Component\Console\Output\ConsoleOutput))
#14 {main}  
[2017-04-12 12:04:30] local.ERROR: PDOException: SQLSTATE[42S01]: Base table or view already exists: 1050 Table 'users' already exists in /Users/churchonline/GitHub/website/church/vendor/laravel/framework/src/Illuminate/Database/Connection.php:449
Stack trace:
#0 /Users/churchonline/GitHub/website/church/vendor/laravel/framework/src/Illuminate/Database/Connection.php(449): PDOStatement->execute()
#1 /Users/churchonline/GitHub/website/church/vendor/laravel/framework/src/Illuminate/Database/Connection.php(640): Illuminate\Database\Connection->Illuminate\Database\{closure}('create table `u...', Array)
#2 /Users/churchonline/GitHub/website/church/vendor/laravel/framework/src/Illuminate/Database/Connection.php(607): Illuminate\Database\Connection->runQueryCallback('create table `u...', Array, Object(Closure))
#3 /Users/churchonline/GitHub/website/church/vendor/laravel/framework/src/Illuminate/Database/Connection.php(450): Illuminate\Database\Connection->run('create table `u...', Array, Object(Closure))
#4 /Users/churchonline/GitHub/website/church/vendor/laravel/framework/src/Illuminate/Database/Schema/Blueprint.php(83): Illuminate\Database\Connection->statement('create table `u...')
#5 /Users/churchonline/GitHub/website/church/vendor/laravel/framework/src/Illuminate/Database/Schema/Builder.php(239): Illuminate\Database\Schema\Blueprint->build(Object(Illuminate\Database\MySqlConnection), Object(Illuminate\Database\Schema\Grammars\MySqlGrammar))
#6 /Users/churchonline/GitHub/website/church/vendor/laravel/framework/src/Illuminate/Database/Schema/Builder.php(164): Illuminate\Database\Schema\Builder->build(Object(Illuminate\Database\Schema\Blueprint))
#7 /Users/churchonline/GitHub/website/church/vendor/laravel/framework/src/Illuminate/Support/Facades/Facade.php(221): Illuminate\Database\Schema\Builder->create('users', Object(Closure))
#8 /Users/churchonline/GitHub/website/church/database/migrations/2014_10_12_000000_create_users_table.php(23): Illuminate\Support\Facades\Facade::__callStatic('create', Array)
#9 /Users/churchonline/GitHub/website/church/vendor/laravel/framework/src/Illuminate/Database/Migrations/Migrator.php(353): CreateUsersTable->up()
#10 /Users/churchonline/GitHub/website/church/vendor/laravel/framework/src/Illuminate/Database/Migrations/Migrator.php(359): Illuminate\Database\Migrations\Migrator->Illuminate\Database\Migrations\{closure}()
#11 /Users/churchonline/GitHub/website/church/vendor/laravel/framework/src/Illuminate/Database/Migrations/Migrator.php(177): Illuminate\Database\Migrations\Migrator->runMigration(Object(CreateUsersTable), 'up')
#12 /Users/churchonline/GitHub/website/church/vendor/laravel/framework/src/Illuminate/Database/Migrations/Migrator.php(146): Illuminate\Database\Migrations\Migrator->runUp('/Users/churchon...', 1, false)
#13 /Users/churchonline/GitHub/website/church/vendor/laravel/framework/src/Illuminate/Database/Migrations/Migrator.php(95): Illuminate\Database\Migrations\Migrator->runPending(Array, Array)
#14 /Users/churchonline/GitHub/website/church/vendor/laravel/framework/src/Illuminate/Database/Console/Migrations/MigrateCommand.php(69): Illuminate\Database\Migrations\Migrator->run(Array, Array)
#15 [internal function]: Illuminate\Database\Console\Migrations\MigrateCommand->fire()
#16 /Users/churchonline/GitHub/website/church/vendor/laravel/framework/src/Illuminate/Container/BoundMethod.php(29): call_user_func_array(Array, Array)
#17 /Users/churchonline/GitHub/website/church/vendor/laravel/framework/src/Illuminate/Container/BoundMethod.php(87): Illuminate\Container\BoundMethod::Illuminate\Container\{closure}()
#18 /Users/churchonline/GitHub/website/church/vendor/laravel/framework/src/Illuminate/Container/BoundMethod.php(31): Illuminate\Container\BoundMethod::callBoundMethod(Object(Illuminate\Foundation\Application), Array, Object(Closure))
#19 /Users/churchonline/GitHub/website/church/vendor/laravel/framework/src/Illuminate/Container/Container.php(531): Illuminate\Container\BoundMethod::call(Object(Illuminate\Foundation\Application), Array, Array, NULL)
#20 /Users/churchonline/GitHub/website/church/vendor/laravel/framework/src/Illuminate/Console/Command.php(182): Illuminate\Container\Container->call(Array)
#21 /Users/churchonline/GitHub/website/church/vendor/symfony/console/Command/Command.php(262): Illuminate\Console\Command->execute(Object(Symfony\Component\Console\Input\ArgvInput), Object(Illuminate\Console\OutputStyle))
#22 /Users/churchonline/GitHub/website/church/vendor/laravel/framework/src/Illuminate/Console/Command.php(167): Symfony\Component\Console\Command\Command->run(Object(Symfony\Component\Console\Input\ArgvInput), Object(Illuminate\Console\OutputStyle))
#23 /Users/churchonline/GitHub/website/church/vendor/symfony/console/Application.php(826): Illuminate\Console\Command->run(Object(Symfony\Component\Console\Input\ArgvInput), Object(Symfony\Component\Console\Output\ConsoleOutput))
#24 /Users/churchonline/GitHub/website/church/vendor/symfony/console/Application.php(190): Symfony\Component\Console\Application->doRunCommand(Object(Illuminate\Database\Console\Migrations\MigrateCommand), Object(Symfony\Component\Console\Input\ArgvInput), Object(Symfony\Component\Console\Output\ConsoleOutput))
#25 /Users/churchonline/GitHub/website/church/vendor/symfony/console/Application.php(121): Symfony\Component\Console\Application->doRun(Object(Symfony\Component\Console\Input\ArgvInput), Object(Symfony\Component\Console\Output\ConsoleOutput))
#26 /Users/churchonline/GitHub/website/church/vendor/laravel/framework/src/Illuminate/Foundation/Console/Kernel.php(123): Symfony\Component\Console\Application->run(Object(Symfony\Component\Console\Input\ArgvInput), Object(Symfony\Component\Console\Output\ConsoleOutput))
#27 /Users/churchonline/GitHub/website/church/artisan(35): Illuminate\Foundation\Console\Kernel->handle(Object(Symfony\Component\Console\Input\ArgvInput), Object(Symfony\Component\Console\Output\ConsoleOutput))
#28 {main}

Next Illuminate\Database\QueryException: SQLSTATE[42S01]: Base table or view already exists: 1050 Table 'users' already exists (SQL: create table `users` (`id` int unsigned not null auto_increment primary key, `name` varchar(191) not null, `email` varchar(191) not null, `password` varchar(191) not null, `remember_token` varchar(100) null, `created_at` timestamp null, `updated_at` timestamp null) default character set utf8mb4 collate utf8mb4_unicode_ci) in /Users/churchonline/GitHub/website/church/vendor/laravel/framework/src/Illuminate/Database/Connection.php:647
Stack trace:
#0 /Users/churchonline/GitHub/website/church/vendor/laravel/framework/src/Illuminate/Database/Connection.php(607): Illuminate\Database\Connection->runQueryCallback('create table `u...', Array, Object(Closure))
#1 /Users/churchonline/GitHub/website/church/vendor/laravel/framework/src/Illuminate/Database/Connection.php(450): Illuminate\Database\Connection->run('create table `u...', Array, Object(Closure))
#2 /Users/churchonline/GitHub/website/church/vendor/laravel/framework/src/Illuminate/Database/Schema/Blueprint.php(83): Illuminate\Database\Connection->statement('create table `u...')
#3 /Users/churchonline/GitHub/website/church/vendor/laravel/framework/src/Illuminate/Database/Schema/Builder.php(239): Illuminate\Database\Schema\Blueprint->build(Object(Illuminate\Database\MySqlConnection), Object(Illuminate\Database\Schema\Grammars\MySqlGrammar))
#4 /Users/churchonline/GitHub/website/church/vendor/laravel/framework/src/Illuminate/Database/Schema/Builder.php(164): Illuminate\Database\Schema\Builder->build(Object(Illuminate\Database\Schema\Blueprint))
#5 /Users/churchonline/GitHub/website/church/vendor/laravel/framework/src/Illuminate/Support/Facades/Facade.php(221): Illuminate\Database\Schema\Builder->create('users', Object(Closure))
#6 /Users/churchonline/GitHub/website/church/database/migrations/2014_10_12_000000_create_users_table.php(23): Illuminate\Support\Facades\Facade::__callStatic('create', Array)
#7 /Users/churchonline/GitHub/website/church/vendor/laravel/framework/src/Illuminate/Database/Migrations/Migrator.php(353): CreateUsersTable->up()
#8 /Users/churchonline/GitHub/website/church/vendor/laravel/framework/src/Illuminate/Database/Migrations/Migrator.php(359): Illuminate\Database\Migrations\Migrator->Illuminate\Database\Migrations\{closure}()
#9 /Users/churchonline/GitHub/website/church/vendor/laravel/framework/src/Illuminate/Database/Migrations/Migrator.php(177): Illuminate\Database\Migrations\Migrator->runMigration(Object(CreateUsersTable), 'up')
#10 /Users/churchonline/GitHub/website/church/vendor/laravel/framework/src/Illuminate/Database/Migrations/Migrator.php(146): Illuminate\Database\Migrations\Migrator->runUp('/Users/churchon...', 1, false)
#11 /Users/churchonline/GitHub/website/church/vendor/laravel/framework/src/Illuminate/Database/Migrations/Migrator.php(95): Illuminate\Database\Migrations\Migrator->runPending(Array, Array)
#12 /Users/churchonline/GitHub/website/church/vendor/laravel/framework/src/Illuminate/Database/Console/Migrations/MigrateCommand.php(69): Illuminate\Database\Migrations\Migrator->run(Array, Array)
#13 [internal function]: Illuminate\Database\Console\Migrations\MigrateCommand->fire()
#14 /Users/churchonline/GitHub/website/church/vendor/laravel/framework/src/Illuminate/Container/BoundMethod.php(29): call_user_func_array(Array, Array)
#15 /Users/churchonline/GitHub/website/church/vendor/laravel/framework/src/Illuminate/Container/BoundMethod.php(87): Illuminate\Container\BoundMethod::Illuminate\Container\{closure}()
#16 /Users/churchonline/GitHub/website/church/vendor/laravel/framework/src/Illuminate/Container/BoundMethod.php(31): Illuminate\Container\BoundMethod::callBoundMethod(Object(Illuminate\Foundation\Application), Array, Object(Closure))
#17 /Users/churchonline/GitHub/website/church/vendor/laravel/framework/src/Illuminate/Container/Container.php(531): Illuminate\Container\BoundMethod::call(Object(Illuminate\Foundation\Application), Array, Array, NULL)
#18 /Users/churchonline/GitHub/website/church/vendor/laravel/framework/src/Illuminate/Console/Command.php(182): Illuminate\Container\Container->call(Array)
#19 /Users/churchonline/GitHub/website/church/vendor/symfony/console/Command/Command.php(262): Illuminate\Console\Command->execute(Object(Symfony\Component\Console\Input\ArgvInput), Object(Illuminate\Console\OutputStyle))
#20 /Users/churchonline/GitHub/website/church/vendor/laravel/framework/src/Illuminate/Console/Command.php(167): Symfony\Component\Console\Command\Command->run(Object(Symfony\Component\Console\Input\ArgvInput), Object(Illuminate\Console\OutputStyle))
#21 /Users/churchonline/GitHub/website/church/vendor/symfony/console/Application.php(826): Illuminate\Console\Command->run(Object(Symfony\Component\Console\Input\ArgvInput), Object(Symfony\Component\Console\Output\ConsoleOutput))
#22 /Users/churchonline/GitHub/website/church/vendor/symfony/console/Application.php(190): Symfony\Component\Console\Application->doRunCommand(Object(Illuminate\Database\Console\Migrations\MigrateCommand), Object(Symfony\Component\Console\Input\ArgvInput), Object(Symfony\Component\Console\Output\ConsoleOutput))
#23 /Users/churchonline/GitHub/website/church/vendor/symfony/console/Application.php(121): Symfony\Component\Console\Application->doRun(Object(Symfony\Component\Console\Input\ArgvInput), Object(Symfony\Component\Console\Output\ConsoleOutput))
#24 /Users/churchonline/GitHub/website/church/vendor/laravel/framework/src/Illuminate/Foundation/Console/Kernel.php(123): Symfony\Component\Console\Application->run(Object(Symfony\Component\Console\Input\ArgvInput), Object(Symfony\Component\Console\Output\ConsoleOutput))
#25 /Users/churchonline/GitHub/website/church/artisan(35): Illuminate\Foundation\Console\Kernel->handle(Object(Symfony\Component\Console\Input\ArgvInput), Object(Symfony\Component\Console\Output\ConsoleOutput))
#26 {main}  
[2017-04-12 12:05:03] local.ERROR: PDOException: SQLSTATE[HY000]: General error: 1005 Can't create table `db_vchurch`.`#sql-58a_31` (errno: 150 "Foreign key constraint is incorrectly formed") in /Users/churchonline/GitHub/website/church/vendor/laravel/framework/src/Illuminate/Database/Connection.php:449
Stack trace:
#0 /Users/churchonline/GitHub/website/church/vendor/laravel/framework/src/Illuminate/Database/Connection.php(449): PDOStatement->execute()
#1 /Users/churchonline/GitHub/website/church/vendor/laravel/framework/src/Illuminate/Database/Connection.php(640): Illuminate\Database\Connection->Illuminate\Database\{closure}('alter table `pa...', Array)
#2 /Users/churchonline/GitHub/website/church/vendor/laravel/framework/src/Illuminate/Database/Connection.php(607): Illuminate\Database\Connection->runQueryCallback('alter table `pa...', Array, Object(Closure))
#3 /Users/churchonline/GitHub/website/church/vendor/laravel/framework/src/Illuminate/Database/Connection.php(450): Illuminate\Database\Connection->run('alter table `pa...', Array, Object(Closure))
#4 /Users/churchonline/GitHub/website/church/vendor/laravel/framework/src/Illuminate/Database/Schema/Blueprint.php(83): Illuminate\Database\Connection->statement('alter table `pa...')
#5 /Users/churchonline/GitHub/website/church/vendor/laravel/framework/src/Illuminate/Database/Schema/Builder.php(239): Illuminate\Database\Schema\Blueprint->build(Object(Illuminate\Database\MySqlConnection), Object(Illuminate\Database\Schema\Grammars\MySqlGrammar))
#6 /Users/churchonline/GitHub/website/church/vendor/laravel/framework/src/Illuminate/Database/Schema/Builder.php(164): Illuminate\Database\Schema\Builder->build(Object(Illuminate\Database\Schema\Blueprint))
#7 /Users/churchonline/GitHub/website/church/vendor/laravel/framework/src/Illuminate/Support/Facades/Facade.php(221): Illuminate\Database\Schema\Builder->create('partnerships', Object(Closure))
#8 /Users/churchonline/GitHub/website/church/database/migrations/2017_04_12_103228_create_partnerships_table.php(25): Illuminate\Support\Facades\Facade::__callStatic('create', Array)
#9 /Users/churchonline/GitHub/website/church/vendor/laravel/framework/src/Illuminate/Database/Migrations/Migrator.php(353): CreatePartnershipsTable->up()
#10 /Users/churchonline/GitHub/website/church/vendor/laravel/framework/src/Illuminate/Database/Migrations/Migrator.php(359): Illuminate\Database\Migrations\Migrator->Illuminate\Database\Migrations\{closure}()
#11 /Users/churchonline/GitHub/website/church/vendor/laravel/framework/src/Illuminate/Database/Migrations/Migrator.php(177): Illuminate\Database\Migrations\Migrator->runMigration(Object(CreatePartnershipsTable), 'up')
#12 /Users/churchonline/GitHub/website/church/vendor/laravel/framework/src/Illuminate/Database/Migrations/Migrator.php(146): Illuminate\Database\Migrations\Migrator->runUp('/Users/churchon...', 1, false)
#13 /Users/churchonline/GitHub/website/church/vendor/laravel/framework/src/Illuminate/Database/Migrations/Migrator.php(95): Illuminate\Database\Migrations\Migrator->runPending(Array, Array)
#14 /Users/churchonline/GitHub/website/church/vendor/laravel/framework/src/Illuminate/Database/Console/Migrations/MigrateCommand.php(69): Illuminate\Database\Migrations\Migrator->run(Array, Array)
#15 [internal function]: Illuminate\Database\Console\Migrations\MigrateCommand->fire()
#16 /Users/churchonline/GitHub/website/church/vendor/laravel/framework/src/Illuminate/Container/BoundMethod.php(29): call_user_func_array(Array, Array)
#17 /Users/churchonline/GitHub/website/church/vendor/laravel/framework/src/Illuminate/Container/BoundMethod.php(87): Illuminate\Container\BoundMethod::Illuminate\Container\{closure}()
#18 /Users/churchonline/GitHub/website/church/vendor/laravel/framework/src/Illuminate/Container/BoundMethod.php(31): Illuminate\Container\BoundMethod::callBoundMethod(Object(Illuminate\Foundation\Application), Array, Object(Closure))
#19 /Users/churchonline/GitHub/website/church/vendor/laravel/framework/src/Illuminate/Container/Container.php(531): Illuminate\Container\BoundMethod::call(Object(Illuminate\Foundation\Application), Array, Array, NULL)
#20 /Users/churchonline/GitHub/website/church/vendor/laravel/framework/src/Illuminate/Console/Command.php(182): Illuminate\Container\Container->call(Array)
#21 /Users/churchonline/GitHub/website/church/vendor/symfony/console/Command/Command.php(262): Illuminate\Console\Command->execute(Object(Symfony\Component\Console\Input\ArgvInput), Object(Illuminate\Console\OutputStyle))
#22 /Users/churchonline/GitHub/website/church/vendor/laravel/framework/src/Illuminate/Console/Command.php(167): Symfony\Component\Console\Command\Command->run(Object(Symfony\Component\Console\Input\ArgvInput), Object(Illuminate\Console\OutputStyle))
#23 /Users/churchonline/GitHub/website/church/vendor/symfony/console/Application.php(826): Illuminate\Console\Command->run(Object(Symfony\Component\Console\Input\ArgvInput), Object(Symfony\Component\Console\Output\ConsoleOutput))
#24 /Users/churchonline/GitHub/website/church/vendor/symfony/console/Application.php(190): Symfony\Component\Console\Application->doRunCommand(Object(Illuminate\Database\Console\Migrations\MigrateCommand), Object(Symfony\Component\Console\Input\ArgvInput), Object(Symfony\Component\Console\Output\ConsoleOutput))
#25 /Users/churchonline/GitHub/website/church/vendor/symfony/console/Application.php(121): Symfony\Component\Console\Application->doRun(Object(Symfony\Component\Console\Input\ArgvInput), Object(Symfony\Component\Console\Output\ConsoleOutput))
#26 /Users/churchonline/GitHub/website/church/vendor/laravel/framework/src/Illuminate/Foundation/Console/Kernel.php(123): Symfony\Component\Console\Application->run(Object(Symfony\Component\Console\Input\ArgvInput), Object(Symfony\Component\Console\Output\ConsoleOutput))
#27 /Users/churchonline/GitHub/website/church/artisan(35): Illuminate\Foundation\Console\Kernel->handle(Object(Symfony\Component\Console\Input\ArgvInput), Object(Symfony\Component\Console\Output\ConsoleOutput))
#28 {main}

Next Illuminate\Database\QueryException: SQLSTATE[HY000]: General error: 1005 Can't create table `db_vchurch`.`#sql-58a_31` (errno: 150 "Foreign key constraint is incorrectly formed") (SQL: alter table `partnerships` add constraint `partnerships_church_id_foreign` foreign key (`church_id`) references `churches` (`id`)) in /Users/churchonline/GitHub/website/church/vendor/laravel/framework/src/Illuminate/Database/Connection.php:647
Stack trace:
#0 /Users/churchonline/GitHub/website/church/vendor/laravel/framework/src/Illuminate/Database/Connection.php(607): Illuminate\Database\Connection->runQueryCallback('alter table `pa...', Array, Object(Closure))
#1 /Users/churchonline/GitHub/website/church/vendor/laravel/framework/src/Illuminate/Database/Connection.php(450): Illuminate\Database\Connection->run('alter table `pa...', Array, Object(Closure))
#2 /Users/churchonline/GitHub/website/church/vendor/laravel/framework/src/Illuminate/Database/Schema/Blueprint.php(83): Illuminate\Database\Connection->statement('alter table `pa...')
#3 /Users/churchonline/GitHub/website/church/vendor/laravel/framework/src/Illuminate/Database/Schema/Builder.php(239): Illuminate\Database\Schema\Blueprint->build(Object(Illuminate\Database\MySqlConnection), Object(Illuminate\Database\Schema\Grammars\MySqlGrammar))
#4 /Users/churchonline/GitHub/website/church/vendor/laravel/framework/src/Illuminate/Database/Schema/Builder.php(164): Illuminate\Database\Schema\Builder->build(Object(Illuminate\Database\Schema\Blueprint))
#5 /Users/churchonline/GitHub/website/church/vendor/laravel/framework/src/Illuminate/Support/Facades/Facade.php(221): Illuminate\Database\Schema\Builder->create('partnerships', Object(Closure))
#6 /Users/churchonline/GitHub/website/church/database/migrations/2017_04_12_103228_create_partnerships_table.php(25): Illuminate\Support\Facades\Facade::__callStatic('create', Array)
#7 /Users/churchonline/GitHub/website/church/vendor/laravel/framework/src/Illuminate/Database/Migrations/Migrator.php(353): CreatePartnershipsTable->up()
#8 /Users/churchonline/GitHub/website/church/vendor/laravel/framework/src/Illuminate/Database/Migrations/Migrator.php(359): Illuminate\Database\Migrations\Migrator->Illuminate\Database\Migrations\{closure}()
#9 /Users/churchonline/GitHub/website/church/vendor/laravel/framework/src/Illuminate/Database/Migrations/Migrator.php(177): Illuminate\Database\Migrations\Migrator->runMigration(Object(CreatePartnershipsTable), 'up')
#10 /Users/churchonline/GitHub/website/church/vendor/laravel/framework/src/Illuminate/Database/Migrations/Migrator.php(146): Illuminate\Database\Migrations\Migrator->runUp('/Users/churchon...', 1, false)
#11 /Users/churchonline/GitHub/website/church/vendor/laravel/framework/src/Illuminate/Database/Migrations/Migrator.php(95): Illuminate\Database\Migrations\Migrator->runPending(Array, Array)
#12 /Users/churchonline/GitHub/website/church/vendor/laravel/framework/src/Illuminate/Database/Console/Migrations/MigrateCommand.php(69): Illuminate\Database\Migrations\Migrator->run(Array, Array)
#13 [internal function]: Illuminate\Database\Console\Migrations\MigrateCommand->fire()
#14 /Users/churchonline/GitHub/website/church/vendor/laravel/framework/src/Illuminate/Container/BoundMethod.php(29): call_user_func_array(Array, Array)
#15 /Users/churchonline/GitHub/website/church/vendor/laravel/framework/src/Illuminate/Container/BoundMethod.php(87): Illuminate\Container\BoundMethod::Illuminate\Container\{closure}()
#16 /Users/churchonline/GitHub/website/church/vendor/laravel/framework/src/Illuminate/Container/BoundMethod.php(31): Illuminate\Container\BoundMethod::callBoundMethod(Object(Illuminate\Foundation\Application), Array, Object(Closure))
#17 /Users/churchonline/GitHub/website/church/vendor/laravel/framework/src/Illuminate/Container/Container.php(531): Illuminate\Container\BoundMethod::call(Object(Illuminate\Foundation\Application), Array, Array, NULL)
#18 /Users/churchonline/GitHub/website/church/vendor/laravel/framework/src/Illuminate/Console/Command.php(182): Illuminate\Container\Container->call(Array)
#19 /Users/churchonline/GitHub/website/church/vendor/symfony/console/Command/Command.php(262): Illuminate\Console\Command->execute(Object(Symfony\Component\Console\Input\ArgvInput), Object(Illuminate\Console\OutputStyle))
#20 /Users/churchonline/GitHub/website/church/vendor/laravel/framework/src/Illuminate/Console/Command.php(167): Symfony\Component\Console\Command\Command->run(Object(Symfony\Component\Console\Input\ArgvInput), Object(Illuminate\Console\OutputStyle))
#21 /Users/churchonline/GitHub/website/church/vendor/symfony/console/Application.php(826): Illuminate\Console\Command->run(Object(Symfony\Component\Console\Input\ArgvInput), Object(Symfony\Component\Console\Output\ConsoleOutput))
#22 /Users/churchonline/GitHub/website/church/vendor/symfony/console/Application.php(190): Symfony\Component\Console\Application->doRunCommand(Object(Illuminate\Database\Console\Migrations\MigrateCommand), Object(Symfony\Component\Console\Input\ArgvInput), Object(Symfony\Component\Console\Output\ConsoleOutput))
#23 /Users/churchonline/GitHub/website/church/vendor/symfony/console/Application.php(121): Symfony\Component\Console\Application->doRun(Object(Symfony\Component\Console\Input\ArgvInput), Object(Symfony\Component\Console\Output\ConsoleOutput))
#24 /Users/churchonline/GitHub/website/church/vendor/laravel/framework/src/Illuminate/Foundation/Console/Kernel.php(123): Symfony\Component\Console\Application->run(Object(Symfony\Component\Console\Input\ArgvInput), Object(Symfony\Component\Console\Output\ConsoleOutput))
#25 /Users/churchonline/GitHub/website/church/artisan(35): Illuminate\Foundation\Console\Kernel->handle(Object(Symfony\Component\Console\Input\ArgvInput), Object(Symfony\Component\Console\Output\ConsoleOutput))
#26 {main}  
[2017-04-12 12:33:09] local.ERROR: ReflectionException: Class UserTableSeeder does not exist in /Users/churchonline/GitHub/website/church/vendor/laravel/framework/src/Illuminate/Container/Container.php:719
Stack trace:
#0 /Users/churchonline/GitHub/website/church/vendor/laravel/framework/src/Illuminate/Container/Container.php(719): ReflectionClass->__construct('UserTableSeeder')
#1 /Users/churchonline/GitHub/website/church/vendor/laravel/framework/src/Illuminate/Container/Container.php(598): Illuminate\Container\Container->build('UserTableSeeder')
#2 /Users/churchonline/GitHub/website/church/vendor/laravel/framework/src/Illuminate/Container/Container.php(567): Illuminate\Container\Container->resolve('UserTableSeeder')
#3 /Users/churchonline/GitHub/website/church/vendor/laravel/framework/src/Illuminate/Foundation/Application.php(708): Illuminate\Container\Container->make('UserTableSeeder')
#4 /Users/churchonline/GitHub/website/church/vendor/laravel/framework/src/Illuminate/Database/Console/Seeds/SeedCommand.php(74): Illuminate\Foundation\Application->make('UserTableSeeder')
#5 /Users/churchonline/GitHub/website/church/vendor/laravel/framework/src/Illuminate/Database/Console/Seeds/SeedCommand.php(63): Illuminate\Database\Console\Seeds\SeedCommand->getSeeder()
#6 /Users/churchonline/GitHub/website/church/vendor/laravel/framework/src/Illuminate/Database/Eloquent/Concerns/GuardsAttributes.php(122): Illuminate\Database\Console\Seeds\SeedCommand->Illuminate\Database\Console\Seeds\{closure}()
#7 /Users/churchonline/GitHub/website/church/vendor/laravel/framework/src/Illuminate/Database/Console/Seeds/SeedCommand.php(64): Illuminate\Database\Eloquent\Model::unguarded(Object(Closure))
#8 [internal function]: Illuminate\Database\Console\Seeds\SeedCommand->fire()
#9 /Users/churchonline/GitHub/website/church/vendor/laravel/framework/src/Illuminate/Container/BoundMethod.php(29): call_user_func_array(Array, Array)
#10 /Users/churchonline/GitHub/website/church/vendor/laravel/framework/src/Illuminate/Container/BoundMethod.php(87): Illuminate\Container\BoundMethod::Illuminate\Container\{closure}()
#11 /Users/churchonline/GitHub/website/church/vendor/laravel/framework/src/Illuminate/Container/BoundMethod.php(31): Illuminate\Container\BoundMethod::callBoundMethod(Object(Illuminate\Foundation\Application), Array, Object(Closure))
#12 /Users/churchonline/GitHub/website/church/vendor/laravel/framework/src/Illuminate/Container/Container.php(531): Illuminate\Container\BoundMethod::call(Object(Illuminate\Foundation\Application), Array, Array, NULL)
#13 /Users/churchonline/GitHub/website/church/vendor/laravel/framework/src/Illuminate/Console/Command.php(182): Illuminate\Container\Container->call(Array)
#14 /Users/churchonline/GitHub/website/church/vendor/symfony/console/Command/Command.php(262): Illuminate\Console\Command->execute(Object(Symfony\Component\Console\Input\ArgvInput), Object(Illuminate\Console\OutputStyle))
#15 /Users/churchonline/GitHub/website/church/vendor/laravel/framework/src/Illuminate/Console/Command.php(167): Symfony\Component\Console\Command\Command->run(Object(Symfony\Component\Console\Input\ArgvInput), Object(Illuminate\Console\OutputStyle))
#16 /Users/churchonline/GitHub/website/church/vendor/symfony/console/Application.php(826): Illuminate\Console\Command->run(Object(Symfony\Component\Console\Input\ArgvInput), Object(Symfony\Component\Console\Output\ConsoleOutput))
#17 /Users/churchonline/GitHub/website/church/vendor/symfony/console/Application.php(190): Symfony\Component\Console\Application->doRunCommand(Object(Illuminate\Database\Console\Seeds\SeedCommand), Object(Symfony\Component\Console\Input\ArgvInput), Object(Symfony\Component\Console\Output\ConsoleOutput))
#18 /Users/churchonline/GitHub/website/church/vendor/symfony/console/Application.php(121): Symfony\Component\Console\Application->doRun(Object(Symfony\Component\Console\Input\ArgvInput), Object(Symfony\Component\Console\Output\ConsoleOutput))
#19 /Users/churchonline/GitHub/website/church/vendor/laravel/framework/src/Illuminate/Foundation/Console/Kernel.php(123): Symfony\Component\Console\Application->run(Object(Symfony\Component\Console\Input\ArgvInput), Object(Symfony\Component\Console\Output\ConsoleOutput))
#20 /Users/churchonline/GitHub/website/church/artisan(35): Illuminate\Foundation\Console\Kernel->handle(Object(Symfony\Component\Console\Input\ArgvInput), Object(Symfony\Component\Console\Output\ConsoleOutput))
#21 {main}  
[2017-04-12 12:36:20] local.ERROR: ReflectionException: Class UserTableSeeder does not exist in /Users/churchonline/GitHub/website/church/vendor/laravel/framework/src/Illuminate/Container/Container.php:719
Stack trace:
#0 /Users/churchonline/GitHub/website/church/vendor/laravel/framework/src/Illuminate/Container/Container.php(719): ReflectionClass->__construct('UserTableSeeder')
#1 /Users/churchonline/GitHub/website/church/vendor/laravel/framework/src/Illuminate/Container/Container.php(598): Illuminate\Container\Container->build('UserTableSeeder')
#2 /Users/churchonline/GitHub/website/church/vendor/laravel/framework/src/Illuminate/Container/Container.php(567): Illuminate\Container\Container->resolve('UserTableSeeder')
#3 /Users/churchonline/GitHub/website/church/vendor/laravel/framework/src/Illuminate/Foundation/Application.php(708): Illuminate\Container\Container->make('UserTableSeeder')
#4 /Users/churchonline/GitHub/website/church/vendor/laravel/framework/src/Illuminate/Database/Console/Seeds/SeedCommand.php(74): Illuminate\Foundation\Application->make('UserTableSeeder')
#5 /Users/churchonline/GitHub/website/church/vendor/laravel/framework/src/Illuminate/Database/Console/Seeds/SeedCommand.php(63): Illuminate\Database\Console\Seeds\SeedCommand->getSeeder()
#6 /Users/churchonline/GitHub/website/church/vendor/laravel/framework/src/Illuminate/Database/Eloquent/Concerns/GuardsAttributes.php(122): Illuminate\Database\Console\Seeds\SeedCommand->Illuminate\Database\Console\Seeds\{closure}()
#7 /Users/churchonline/GitHub/website/church/vendor/laravel/framework/src/Illuminate/Database/Console/Seeds/SeedCommand.php(64): Illuminate\Database\Eloquent\Model::unguarded(Object(Closure))
#8 [internal function]: Illuminate\Database\Console\Seeds\SeedCommand->fire()
#9 /Users/churchonline/GitHub/website/church/vendor/laravel/framework/src/Illuminate/Container/BoundMethod.php(29): call_user_func_array(Array, Array)
#10 /Users/churchonline/GitHub/website/church/vendor/laravel/framework/src/Illuminate/Container/BoundMethod.php(87): Illuminate\Container\BoundMethod::Illuminate\Container\{closure}()
#11 /Users/churchonline/GitHub/website/church/vendor/laravel/framework/src/Illuminate/Container/BoundMethod.php(31): Illuminate\Container\BoundMethod::callBoundMethod(Object(Illuminate\Foundation\Application), Array, Object(Closure))
#12 /Users/churchonline/GitHub/website/church/vendor/laravel/framework/src/Illuminate/Container/Container.php(531): Illuminate\Container\BoundMethod::call(Object(Illuminate\Foundation\Application), Array, Array, NULL)
#13 /Users/churchonline/GitHub/website/church/vendor/laravel/framework/src/Illuminate/Console/Command.php(182): Illuminate\Container\Container->call(Array)
#14 /Users/churchonline/GitHub/website/church/vendor/symfony/console/Command/Command.php(262): Illuminate\Console\Command->execute(Object(Symfony\Component\Console\Input\ArgvInput), Object(Illuminate\Console\OutputStyle))
#15 /Users/churchonline/GitHub/website/church/vendor/laravel/framework/src/Illuminate/Console/Command.php(167): Symfony\Component\Console\Command\Command->run(Object(Symfony\Component\Console\Input\ArgvInput), Object(Illuminate\Console\OutputStyle))
#16 /Users/churchonline/GitHub/website/church/vendor/symfony/console/Application.php(826): Illuminate\Console\Command->run(Object(Symfony\Component\Console\Input\ArgvInput), Object(Symfony\Component\Console\Output\ConsoleOutput))
#17 /Users/churchonline/GitHub/website/church/vendor/symfony/console/Application.php(190): Symfony\Component\Console\Application->doRunCommand(Object(Illuminate\Database\Console\Seeds\SeedCommand), Object(Symfony\Component\Console\Input\ArgvInput), Object(Symfony\Component\Console\Output\ConsoleOutput))
#18 /Users/churchonline/GitHub/website/church/vendor/symfony/console/Application.php(121): Symfony\Component\Console\Application->doRun(Object(Symfony\Component\Console\Input\ArgvInput), Object(Symfony\Component\Console\Output\ConsoleOutput))
#19 /Users/churchonline/GitHub/website/church/vendor/laravel/framework/src/Illuminate/Foundation/Console/Kernel.php(123): Symfony\Component\Console\Application->run(Object(Symfony\Component\Console\Input\ArgvInput), Object(Symfony\Component\Console\Output\ConsoleOutput))
#20 /Users/churchonline/GitHub/website/church/artisan(35): Illuminate\Foundation\Console\Kernel->handle(Object(Symfony\Component\Console\Input\ArgvInput), Object(Symfony\Component\Console\Output\ConsoleOutput))
#21 {main}  
[2017-04-12 12:38:28] local.ERROR: ReflectionException: Class UserTableSeeder does not exist in /Users/churchonline/GitHub/website/church/vendor/laravel/framework/src/Illuminate/Container/Container.php:719
Stack trace:
#0 /Users/churchonline/GitHub/website/church/vendor/laravel/framework/src/Illuminate/Container/Container.php(719): ReflectionClass->__construct('UserTableSeeder')
#1 /Users/churchonline/GitHub/website/church/vendor/laravel/framework/src/Illuminate/Container/Container.php(598): Illuminate\Container\Container->build('UserTableSeeder')
#2 /Users/churchonline/GitHub/website/church/vendor/laravel/framework/src/Illuminate/Container/Container.php(567): Illuminate\Container\Container->resolve('UserTableSeeder')
#3 /Users/churchonline/GitHub/website/church/vendor/laravel/framework/src/Illuminate/Foundation/Application.php(708): Illuminate\Container\Container->make('UserTableSeeder')
#4 /Users/churchonline/GitHub/website/church/vendor/laravel/framework/src/Illuminate/Database/Console/Seeds/SeedCommand.php(74): Illuminate\Foundation\Application->make('UserTableSeeder')
#5 /Users/churchonline/GitHub/website/church/vendor/laravel/framework/src/Illuminate/Database/Console/Seeds/SeedCommand.php(63): Illuminate\Database\Console\Seeds\SeedCommand->getSeeder()
#6 /Users/churchonline/GitHub/website/church/vendor/laravel/framework/src/Illuminate/Database/Eloquent/Concerns/GuardsAttributes.php(122): Illuminate\Database\Console\Seeds\SeedCommand->Illuminate\Database\Console\Seeds\{closure}()
#7 /Users/churchonline/GitHub/website/church/vendor/laravel/framework/src/Illuminate/Database/Console/Seeds/SeedCommand.php(64): Illuminate\Database\Eloquent\Model::unguarded(Object(Closure))
#8 [internal function]: Illuminate\Database\Console\Seeds\SeedCommand->fire()
#9 /Users/churchonline/GitHub/website/church/vendor/laravel/framework/src/Illuminate/Container/BoundMethod.php(29): call_user_func_array(Array, Array)
#10 /Users/churchonline/GitHub/website/church/vendor/laravel/framework/src/Illuminate/Container/BoundMethod.php(87): Illuminate\Container\BoundMethod::Illuminate\Container\{closure}()
#11 /Users/churchonline/GitHub/website/church/vendor/laravel/framework/src/Illuminate/Container/BoundMethod.php(31): Illuminate\Container\BoundMethod::callBoundMethod(Object(Illuminate\Foundation\Application), Array, Object(Closure))
#12 /Users/churchonline/GitHub/website/church/vendor/laravel/framework/src/Illuminate/Container/Container.php(531): Illuminate\Container\BoundMethod::call(Object(Illuminate\Foundation\Application), Array, Array, NULL)
#13 /Users/churchonline/GitHub/website/church/vendor/laravel/framework/src/Illuminate/Console/Command.php(182): Illuminate\Container\Container->call(Array)
#14 /Users/churchonline/GitHub/website/church/vendor/symfony/console/Command/Command.php(262): Illuminate\Console\Command->execute(Object(Symfony\Component\Console\Input\ArgvInput), Object(Illuminate\Console\OutputStyle))
#15 /Users/churchonline/GitHub/website/church/vendor/laravel/framework/src/Illuminate/Console/Command.php(167): Symfony\Component\Console\Command\Command->run(Object(Symfony\Component\Console\Input\ArgvInput), Object(Illuminate\Console\OutputStyle))
#16 /Users/churchonline/GitHub/website/church/vendor/symfony/console/Application.php(826): Illuminate\Console\Command->run(Object(Symfony\Component\Console\Input\ArgvInput), Object(Symfony\Component\Console\Output\ConsoleOutput))
#17 /Users/churchonline/GitHub/website/church/vendor/symfony/console/Application.php(190): Symfony\Component\Console\Application->doRunCommand(Object(Illuminate\Database\Console\Seeds\SeedCommand), Object(Symfony\Component\Console\Input\ArgvInput), Object(Symfony\Component\Console\Output\ConsoleOutput))
#18 /Users/churchonline/GitHub/website/church/vendor/symfony/console/Application.php(121): Symfony\Component\Console\Application->doRun(Object(Symfony\Component\Console\Input\ArgvInput), Object(Symfony\Component\Console\Output\ConsoleOutput))
#19 /Users/churchonline/GitHub/website/church/vendor/laravel/framework/src/Illuminate/Foundation/Console/Kernel.php(123): Symfony\Component\Console\Application->run(Object(Symfony\Component\Console\Input\ArgvInput), Object(Symfony\Component\Console\Output\ConsoleOutput))
#20 /Users/churchonline/GitHub/website/church/artisan(35): Illuminate\Foundation\Console\Kernel->handle(Object(Symfony\Component\Console\Input\ArgvInput), Object(Symfony\Component\Console\Output\ConsoleOutput))
#21 {main}  
[2017-04-12 12:48:25] local.ERROR: PDOException: SQLSTATE[42000]: Syntax error or access violation: 1701 Cannot truncate a table referenced in a foreign key constraint (`db_vchurch`.`cells`, CONSTRAINT `cells_user_id_foreign` FOREIGN KEY (`user_id`) REFERENCES `db_vchurch`.`users` (`id`)) in /Users/churchonline/GitHub/website/church/vendor/laravel/framework/src/Illuminate/Database/Connection.php:449
Stack trace:
#0 /Users/churchonline/GitHub/website/church/vendor/laravel/framework/src/Illuminate/Database/Connection.php(449): PDOStatement->execute()
#1 /Users/churchonline/GitHub/website/church/vendor/laravel/framework/src/Illuminate/Database/Connection.php(640): Illuminate\Database\Connection->Illuminate\Database\{closure}('truncate `users...', Array)
#2 /Users/churchonline/GitHub/website/church/vendor/laravel/framework/src/Illuminate/Database/Connection.php(607): Illuminate\Database\Connection->runQueryCallback('truncate `users...', Array, Object(Closure))
#3 /Users/churchonline/GitHub/website/church/vendor/laravel/framework/src/Illuminate/Database/Connection.php(450): Illuminate\Database\Connection->run('truncate `users...', Array, Object(Closure))
#4 /Users/churchonline/GitHub/website/church/vendor/laravel/framework/src/Illuminate/Database/Query/Builder.php(2235): Illuminate\Database\Connection->statement('truncate `users...', Array)
#5 /Users/churchonline/GitHub/website/church/vendor/laravel/framework/src/Illuminate/Database/Eloquent/Builder.php(1245): Illuminate\Database\Query\Builder->truncate()
#6 /Users/churchonline/GitHub/website/church/vendor/laravel/framework/src/Illuminate/Database/Eloquent/Model.php(1332): Illuminate\Database\Eloquent\Builder->__call('truncate', Array)
#7 /Users/churchonline/GitHub/website/church/vendor/laravel/framework/src/Illuminate/Database/Eloquent/Model.php(1344): Illuminate\Database\Eloquent\Model->__call('truncate', Array)
#8 /Users/churchonline/GitHub/website/church/database/seeds/UserTableSeeder.php(8): Illuminate\Database\Eloquent\Model::__callStatic('truncate', Array)
#9 [internal function]: UserTableSeeder->run()
#10 /Users/churchonline/GitHub/website/church/vendor/laravel/framework/src/Illuminate/Container/BoundMethod.php(29): call_user_func_array(Array, Array)
#11 /Users/churchonline/GitHub/website/church/vendor/laravel/framework/src/Illuminate/Container/BoundMethod.php(87): Illuminate\Container\BoundMethod::Illuminate\Container\{closure}()
#12 /Users/churchonline/GitHub/website/church/vendor/laravel/framework/src/Illuminate/Container/BoundMethod.php(31): Illuminate\Container\BoundMethod::callBoundMethod(Object(Illuminate\Foundation\Application), Array, Object(Closure))
#13 /Users/churchonline/GitHub/website/church/vendor/laravel/framework/src/Illuminate/Container/Container.php(531): Illuminate\Container\BoundMethod::call(Object(Illuminate\Foundation\Application), Array, Array, NULL)
#14 /Users/churchonline/GitHub/website/church/vendor/laravel/framework/src/Illuminate/Database/Seeder.php(103): Illuminate\Container\Container->call(Array)
#15 /Users/churchonline/GitHub/website/church/vendor/laravel/framework/src/Illuminate/Database/Console/Seeds/SeedCommand.php(63): Illuminate\Database\Seeder->__invoke()
#16 /Users/churchonline/GitHub/website/church/vendor/laravel/framework/src/Illuminate/Database/Eloquent/Concerns/GuardsAttributes.php(122): Illuminate\Database\Console\Seeds\SeedCommand->Illuminate\Database\Console\Seeds\{closure}()
#17 /Users/churchonline/GitHub/website/church/vendor/laravel/framework/src/Illuminate/Database/Console/Seeds/SeedCommand.php(64): Illuminate\Database\Eloquent\Model::unguarded(Object(Closure))
#18 [internal function]: Illuminate\Database\Console\Seeds\SeedCommand->fire()
#19 /Users/churchonline/GitHub/website/church/vendor/laravel/framework/src/Illuminate/Container/BoundMethod.php(29): call_user_func_array(Array, Array)
#20 /Users/churchonline/GitHub/website/church/vendor/laravel/framework/src/Illuminate/Container/BoundMethod.php(87): Illuminate\Container\BoundMethod::Illuminate\Container\{closure}()
#21 /Users/churchonline/GitHub/website/church/vendor/laravel/framework/src/Illuminate/Container/BoundMethod.php(31): Illuminate\Container\BoundMethod::callBoundMethod(Object(Illuminate\Foundation\Application), Array, Object(Closure))
#22 /Users/churchonline/GitHub/website/church/vendor/laravel/framework/src/Illuminate/Container/Container.php(531): Illuminate\Container\BoundMethod::call(Object(Illuminate\Foundation\Application), Array, Array, NULL)
#23 /Users/churchonline/GitHub/website/church/vendor/laravel/framework/src/Illuminate/Console/Command.php(182): Illuminate\Container\Container->call(Array)
#24 /Users/churchonline/GitHub/website/church/vendor/symfony/console/Command/Command.php(262): Illuminate\Console\Command->execute(Object(Symfony\Component\Console\Input\ArgvInput), Object(Illuminate\Console\OutputStyle))
#25 /Users/churchonline/GitHub/website/church/vendor/laravel/framework/src/Illuminate/Console/Command.php(167): Symfony\Component\Console\Command\Command->run(Object(Symfony\Component\Console\Input\ArgvInput), Object(Illuminate\Console\OutputStyle))
#26 /Users/churchonline/GitHub/website/church/vendor/symfony/console/Application.php(826): Illuminate\Console\Command->run(Object(Symfony\Component\Console\Input\ArgvInput), Object(Symfony\Component\Console\Output\ConsoleOutput))
#27 /Users/churchonline/GitHub/website/church/vendor/symfony/console/Application.php(190): Symfony\Component\Console\Application->doRunCommand(Object(Illuminate\Database\Console\Seeds\SeedCommand), Object(Symfony\Component\Console\Input\ArgvInput), Object(Symfony\Component\Console\Output\ConsoleOutput))
#28 /Users/churchonline/GitHub/website/church/vendor/symfony/console/Application.php(121): Symfony\Component\Console\Application->doRun(Object(Symfony\Component\Console\Input\ArgvInput), Object(Symfony\Component\Console\Output\ConsoleOutput))
#29 /Users/churchonline/GitHub/website/church/vendor/laravel/framework/src/Illuminate/Foundation/Console/Kernel.php(123): Symfony\Component\Console\Application->run(Object(Symfony\Component\Console\Input\ArgvInput), Object(Symfony\Component\Console\Output\ConsoleOutput))
#30 /Users/churchonline/GitHub/website/church/artisan(35): Illuminate\Foundation\Console\Kernel->handle(Object(Symfony\Component\Console\Input\ArgvInput), Object(Symfony\Component\Console\Output\ConsoleOutput))
#31 {main}

Next Illuminate\Database\QueryException: SQLSTATE[42000]: Syntax error or access violation: 1701 Cannot truncate a table referenced in a foreign key constraint (`db_vchurch`.`cells`, CONSTRAINT `cells_user_id_foreign` FOREIGN KEY (`user_id`) REFERENCES `db_vchurch`.`users` (`id`)) (SQL: truncate `users`) in /Users/churchonline/GitHub/website/church/vendor/laravel/framework/src/Illuminate/Database/Connection.php:647
Stack trace:
#0 /Users/churchonline/GitHub/website/church/vendor/laravel/framework/src/Illuminate/Database/Connection.php(607): Illuminate\Database\Connection->runQueryCallback('truncate `users...', Array, Object(Closure))
#1 /Users/churchonline/GitHub/website/church/vendor/laravel/framework/src/Illuminate/Database/Connection.php(450): Illuminate\Database\Connection->run('truncate `users...', Array, Object(Closure))
#2 /Users/churchonline/GitHub/website/church/vendor/laravel/framework/src/Illuminate/Database/Query/Builder.php(2235): Illuminate\Database\Connection->statement('truncate `users...', Array)
#3 /Users/churchonline/GitHub/website/church/vendor/laravel/framework/src/Illuminate/Database/Eloquent/Builder.php(1245): Illuminate\Database\Query\Builder->truncate()
#4 /Users/churchonline/GitHub/website/church/vendor/laravel/framework/src/Illuminate/Database/Eloquent/Model.php(1332): Illuminate\Database\Eloquent\Builder->__call('truncate', Array)
#5 /Users/churchonline/GitHub/website/church/vendor/laravel/framework/src/Illuminate/Database/Eloquent/Model.php(1344): Illuminate\Database\Eloquent\Model->__call('truncate', Array)
#6 /Users/churchonline/GitHub/website/church/database/seeds/UserTableSeeder.php(8): Illuminate\Database\Eloquent\Model::__callStatic('truncate', Array)
#7 [internal function]: UserTableSeeder->run()
#8 /Users/churchonline/GitHub/website/church/vendor/laravel/framework/src/Illuminate/Container/BoundMethod.php(29): call_user_func_array(Array, Array)
#9 /Users/churchonline/GitHub/website/church/vendor/laravel/framework/src/Illuminate/Container/BoundMethod.php(87): Illuminate\Container\BoundMethod::Illuminate\Container\{closure}()
#10 /Users/churchonline/GitHub/website/church/vendor/laravel/framework/src/Illuminate/Container/BoundMethod.php(31): Illuminate\Container\BoundMethod::callBoundMethod(Object(Illuminate\Foundation\Application), Array, Object(Closure))
#11 /Users/churchonline/GitHub/website/church/vendor/laravel/framework/src/Illuminate/Container/Container.php(531): Illuminate\Container\BoundMethod::call(Object(Illuminate\Foundation\Application), Array, Array, NULL)
#12 /Users/churchonline/GitHub/website/church/vendor/laravel/framework/src/Illuminate/Database/Seeder.php(103): Illuminate\Container\Container->call(Array)
#13 /Users/churchonline/GitHub/website/church/vendor/laravel/framework/src/Illuminate/Database/Console/Seeds/SeedCommand.php(63): Illuminate\Database\Seeder->__invoke()
#14 /Users/churchonline/GitHub/website/church/vendor/laravel/framework/src/Illuminate/Database/Eloquent/Concerns/GuardsAttributes.php(122): Illuminate\Database\Console\Seeds\SeedCommand->Illuminate\Database\Console\Seeds\{closure}()
#15 /Users/churchonline/GitHub/website/church/vendor/laravel/framework/src/Illuminate/Database/Console/Seeds/SeedCommand.php(64): Illuminate\Database\Eloquent\Model::unguarded(Object(Closure))
#16 [internal function]: Illuminate\Database\Console\Seeds\SeedCommand->fire()
#17 /Users/churchonline/GitHub/website/church/vendor/laravel/framework/src/Illuminate/Container/BoundMethod.php(29): call_user_func_array(Array, Array)
#18 /Users/churchonline/GitHub/website/church/vendor/laravel/framework/src/Illuminate/Container/BoundMethod.php(87): Illuminate\Container\BoundMethod::Illuminate\Container\{closure}()
#19 /Users/churchonline/GitHub/website/church/vendor/laravel/framework/src/Illuminate/Container/BoundMethod.php(31): Illuminate\Container\BoundMethod::callBoundMethod(Object(Illuminate\Foundation\Application), Array, Object(Closure))
#20 /Users/churchonline/GitHub/website/church/vendor/laravel/framework/src/Illuminate/Container/Container.php(531): Illuminate\Container\BoundMethod::call(Object(Illuminate\Foundation\Application), Array, Array, NULL)
#21 /Users/churchonline/GitHub/website/church/vendor/laravel/framework/src/Illuminate/Console/Command.php(182): Illuminate\Container\Container->call(Array)
#22 /Users/churchonline/GitHub/website/church/vendor/symfony/console/Command/Command.php(262): Illuminate\Console\Command->execute(Object(Symfony\Component\Console\Input\ArgvInput), Object(Illuminate\Console\OutputStyle))
#23 /Users/churchonline/GitHub/website/church/vendor/laravel/framework/src/Illuminate/Console/Command.php(167): Symfony\Component\Console\Command\Command->run(Object(Symfony\Component\Console\Input\ArgvInput), Object(Illuminate\Console\OutputStyle))
#24 /Users/churchonline/GitHub/website/church/vendor/symfony/console/Application.php(826): Illuminate\Console\Command->run(Object(Symfony\Component\Console\Input\ArgvInput), Object(Symfony\Component\Console\Output\ConsoleOutput))
#25 /Users/churchonline/GitHub/website/church/vendor/symfony/console/Application.php(190): Symfony\Component\Console\Application->doRunCommand(Object(Illuminate\Database\Console\Seeds\SeedCommand), Object(Symfony\Component\Console\Input\ArgvInput), Object(Symfony\Component\Console\Output\ConsoleOutput))
#26 /Users/churchonline/GitHub/website/church/vendor/symfony/console/Application.php(121): Symfony\Component\Console\Application->doRun(Object(Symfony\Component\Console\Input\ArgvInput), Object(Symfony\Component\Console\Output\ConsoleOutput))
#27 /Users/churchonline/GitHub/website/church/vendor/laravel/framework/src/Illuminate/Foundation/Console/Kernel.php(123): Symfony\Component\Console\Application->run(Object(Symfony\Component\Console\Input\ArgvInput), Object(Symfony\Component\Console\Output\ConsoleOutput))
#28 /Users/churchonline/GitHub/website/church/artisan(35): Illuminate\Foundation\Console\Kernel->handle(Object(Symfony\Component\Console\Input\ArgvInput), Object(Symfony\Component\Console\Output\ConsoleOutput))
#29 {main}  
